<?xml version="1.0" encoding="UTF-8"?>
<testng-results ignored="0" total="1" passed="1" failed="0" skipped="0">
  <reporter-output>
  </reporter-output>
  <suite started-at="2019-07-11T01:27:10Z" name="Default suite" finished-at="2019-07-11T01:27:18Z" duration-ms="8214">
    <groups>
    </groups>
    <test started-at="2019-07-11T01:27:10Z" name="Default test" finished-at="2019-07-11T01:27:18Z" duration-ms="8214">
      <class name="testcases.TC_001">
        <test-method signature="testcase01()[pri:0, instance:testcases.TC_001@2145b572]" started-at="2019-07-11T01:27:10Z" name="testcase01" finished-at="2019-07-11T01:27:18Z" duration-ms="8172" status="PASS">
          <reporter-output>
          </reporter-output>
        </test-method> <!-- testcase01 -->
      </class> <!-- testcases.TC_001 -->
    </test> <!-- Default test -->
  </suite> <!-- Default suite -->
</testng-results>
